TN:
SF:src/auth/ServiceAccountsPage.tsx
FN:21,groupByPrefix
FN:29,(anonymous_1)
FN:31,(anonymous_2)
FN:34,safeDateString
FN:47,authHeaders
FN:52,ServiceAccountsPage
FN:86,loadServices
FN:102,loadScopes
FN:115,(anonymous_8)
FN:122,(anonymous_9)
FN:123,onDown
FN:132,(anonymous_11)
FN:135,toggleScope
FN:136,(anonymous_13)
FN:137,(anonymous_14)
FN:141,removeSelected
FN:142,(anonymous_16)
FN:142,(anonymous_17)
FN:145,clearForm
FN:156,(anonymous_19)
FN:159,(anonymous_20)
FN:162,(anonymous_21)
FN:164,(anonymous_22)
FN:165,(anonymous_23)
FN:166,(anonymous_24)
FN:170,(anonymous_25)
FN:173,(anonymous_26)
FN:177,(anonymous_27)
FN:181,(anonymous_28)
FN:182,(anonymous_29)
FN:183,(anonymous_30)
FN:186,openManage
FN:196,closeManage
FN:205,toggleManageScope
FN:206,(anonymous_34)
FN:207,(anonymous_35)
FN:211,removeManageSelected
FN:212,(anonymous_37)
FN:212,(anonymous_38)
FN:215,createService
FN:249,generateTokenForService
FN:267,deleteService
FN:292,applyScopeChanges
FN:341,(anonymous_43)
FN:352,generateTokenFromManage
FN:400,(anonymous_45)
FN:411,(anonymous_46)
FN:411,(anonymous_47)
FN:423,(anonymous_48)
FN:424,(anonymous_49)
FN:429,(anonymous_50)
FN:447,(anonymous_51)
FN:453,(anonymous_52)
FN:457,(anonymous_53)
FN:462,(anonymous_54)
FN:480,(anonymous_55)
FN:484,(anonymous_56)
FN:517,(anonymous_57)
FN:544,(anonymous_58)
FN:544,(anonymous_59)
FN:558,(anonymous_60)
FN:559,(anonymous_61)
FN:564,(anonymous_62)
FN:582,(anonymous_63)
FN:588,(anonymous_64)
FN:592,(anonymous_65)
FN:597,(anonymous_66)
FN:615,(anonymous_67)
FN:619,(anonymous_68)
FN:651,(anonymous_69)
FN:678,(anonymous_70)
FN:685,(anonymous_71)
FN:688,(anonymous_72)
FN:691,(anonymous_73)
FNF:74
FNH:56
FNDA:38,groupByPrefix
FNDA:6,(anonymous_1)
FNDA:0,(anonymous_2)
FNDA:43,safeDateString
FNDA:33,authHeaders
FNDA:99,ServiceAccountsPage
FNDA:14,loadServices
FNDA:10,loadScopes
FNDA:10,(anonymous_8)
FNDA:10,(anonymous_9)
FNDA:17,onDown
FNDA:10,(anonymous_11)
FNDA:1,toggleScope
FNDA:1,(anonymous_13)
FNDA:0,(anonymous_14)
FNDA:1,removeSelected
FNDA:1,(anonymous_16)
FNDA:1,(anonymous_17)
FNDA:1,clearForm
FNDA:19,(anonymous_19)
FNDA:0,(anonymous_20)
FNDA:19,(anonymous_21)
FNDA:23,(anonymous_22)
FNDA:12,(anonymous_23)
FNDA:1,(anonymous_24)
FNDA:19,(anonymous_25)
FNDA:0,(anonymous_26)
FNDA:19,(anonymous_27)
FNDA:27,(anonymous_28)
FNDA:20,(anonymous_29)
FNDA:8,(anonymous_30)
FNDA:4,openManage
FNDA:1,closeManage
FNDA:1,toggleManageScope
FNDA:1,(anonymous_34)
FNDA:0,(anonymous_35)
FNDA:0,removeManageSelected
FNDA:0,(anonymous_37)
FNDA:0,(anonymous_38)
FNDA:2,createService
FNDA:1,generateTokenForService
FNDA:2,deleteService
FNDA:2,applyScopeChanges
FNDA:2,(anonymous_43)
FNDA:1,generateTokenFromManage
FNDA:27,(anonymous_45)
FNDA:1,(anonymous_46)
FNDA:1,(anonymous_47)
FNDA:0,(anonymous_48)
FNDA:1,(anonymous_49)
FNDA:1,(anonymous_50)
FNDA:0,(anonymous_51)
FNDA:3,(anonymous_52)
FNDA:6,(anonymous_53)
FNDA:1,(anonymous_54)
FNDA:0,(anonymous_55)
FNDA:0,(anonymous_56)
FNDA:0,(anonymous_57)
FNDA:1,(anonymous_58)
FNDA:1,(anonymous_59)
FNDA:3,(anonymous_60)
FNDA:16,(anonymous_61)
FNDA:0,(anonymous_62)
FNDA:0,(anonymous_63)
FNDA:3,(anonymous_64)
FNDA:6,(anonymous_65)
FNDA:1,(anonymous_66)
FNDA:0,(anonymous_67)
FNDA:0,(anonymous_68)
FNDA:0,(anonymous_69)
FNDA:43,(anonymous_70)
FNDA:1,(anonymous_71)
FNDA:4,(anonymous_72)
FNDA:2,(anonymous_73)
DA:19,12
DA:22,38
DA:23,38
DA:24,12
DA:25,12
DA:26,12
DA:28,38
DA:29,6
DA:31,38
DA:35,43
DA:38,1
DA:39,1
DA:40,1
DA:41,1
DA:43,0
DA:48,33
DA:49,33
DA:53,99
DA:54,99
DA:56,99
DA:57,99
DA:58,99
DA:60,99
DA:61,99
DA:63,99
DA:64,99
DA:66,99
DA:67,99
DA:69,99
DA:72,99
DA:73,99
DA:74,99
DA:75,99
DA:76,99
DA:77,99
DA:79,99
DA:80,99
DA:82,99
DA:83,98
DA:84,97
DA:87,14
DA:88,14
DA:89,14
DA:92,14
DA:93,13
DA:94,13
DA:96,1
DA:98,14
DA:103,10
DA:104,10
DA:107,10
DA:108,9
DA:109,9
DA:111,1
DA:115,97
DA:116,10
DA:117,10
DA:122,97
DA:124,17
DA:125,14
DA:127,17
DA:128,3
DA:131,10
DA:132,10
DA:136,1
DA:137,1
DA:142,1
DA:146,1
DA:147,1
DA:148,1
DA:149,1
DA:150,1
DA:154,97
DA:156,99
DA:157,19
DA:158,19
DA:159,0
DA:162,99
DA:164,99
DA:165,23
DA:166,23
DA:170,99
DA:171,19
DA:172,19
DA:173,0
DA:176,99
DA:177,19
DA:181,99
DA:182,27
DA:183,27
DA:187,4
DA:188,4
DA:189,4
DA:190,4
DA:191,4
DA:192,4
DA:193,4
DA:197,1
DA:198,1
DA:199,1
DA:200,1
DA:201,1
DA:202,1
DA:206,1
DA:207,1
DA:212,0
DA:216,2
DA:217,2
DA:218,2
DA:220,2
DA:221,2
DA:226,2
DA:228,1
DA:233,1
DA:235,1
DA:236,1
DA:238,1
DA:239,1
DA:240,1
DA:241,1
DA:243,1
DA:245,2
DA:250,1
DA:251,1
DA:253,1
DA:254,1
DA:259,1
DA:260,1
DA:261,1
DA:263,0
DA:268,2
DA:269,2
DA:271,2
DA:274,2
DA:276,1
DA:277,1
DA:284,1
DA:285,1
DA:286,1
DA:288,0
DA:293,2
DA:295,2
DA:296,2
DA:297,2
DA:299,2
DA:300,2
DA:301,2
DA:303,2
DA:304,2
DA:306,3
DA:307,2
DA:310,2
DA:311,1
DA:316,1
DA:320,2
DA:321,0
DA:326,0
DA:329,2
DA:334,2
DA:337,2
DA:338,2
DA:339,2
DA:340,2
DA:341,2
DA:342,2
DA:343,2
DA:346,0
DA:348,2
DA:353,1
DA:354,1
DA:355,1
DA:357,1
DA:358,1
DA:366,1
DA:367,1
DA:368,1
DA:370,0
DA:374,99
DA:400,27
DA:411,1
DA:423,0
DA:425,1
DA:429,1
DA:447,0
DA:454,3
DA:458,6
DA:462,1
DA:480,0
DA:484,0
DA:517,0
DA:544,1
DA:558,3
DA:560,16
DA:564,0
DA:582,0
DA:589,3
DA:593,6
DA:597,1
DA:615,0
DA:619,0
DA:651,0
DA:679,43
DA:685,1
DA:688,4
DA:691,2
LF:205
LH:185
BRDA:19,0,0,12
BRDA:19,0,1,12
BRDA:24,1,0,12
BRDA:24,1,1,0
BRDA:25,2,0,6
BRDA:25,2,1,6
BRDA:35,3,0,42
BRDA:35,3,1,1
BRDA:40,4,0,0
BRDA:40,4,1,1
BRDA:48,5,0,0
BRDA:48,5,1,33
BRDA:48,6,0,0
BRDA:48,6,1,0
BRDA:49,7,0,33
BRDA:49,7,1,27
BRDA:82,8,0,1
BRDA:82,8,1,98
BRDA:83,9,0,1
BRDA:83,9,1,97
BRDA:84,10,0,0
BRDA:84,10,1,97
BRDA:92,11,0,1
BRDA:92,11,1,13
BRDA:94,12,0,13
BRDA:94,12,1,0
BRDA:96,13,0,1
BRDA:96,13,1,0
BRDA:107,14,0,1
BRDA:107,14,1,9
BRDA:109,15,0,9
BRDA:109,15,1,0
BRDA:111,16,0,1
BRDA:111,16,1,0
BRDA:124,17,0,14
BRDA:124,17,1,3
BRDA:124,18,0,17
BRDA:124,18,1,17
BRDA:127,19,0,3
BRDA:127,19,1,14
BRDA:127,20,0,17
BRDA:127,20,1,5
BRDA:137,21,0,0
BRDA:137,21,1,1
BRDA:154,22,0,96
BRDA:154,22,1,1
BRDA:158,23,0,19
BRDA:158,23,1,0
BRDA:172,24,0,19
BRDA:172,24,1,0
BRDA:190,25,0,4
BRDA:190,25,1,0
BRDA:207,26,0,0
BRDA:207,26,1,1
BRDA:226,27,0,1
BRDA:226,27,1,1
BRDA:233,28,0,0
BRDA:233,28,1,1
BRDA:243,29,0,1
BRDA:243,29,1,0
BRDA:259,30,0,0
BRDA:259,30,1,1
BRDA:263,31,0,0
BRDA:263,31,1,0
BRDA:274,32,0,1
BRDA:274,32,1,1
BRDA:284,33,0,0
BRDA:284,33,1,1
BRDA:286,34,0,0
BRDA:286,34,1,1
BRDA:288,35,0,0
BRDA:288,35,1,0
BRDA:293,36,0,0
BRDA:293,36,1,2
BRDA:300,37,0,2
BRDA:300,37,1,0
BRDA:306,38,0,1
BRDA:306,38,1,2
BRDA:307,39,0,0
BRDA:307,39,1,2
BRDA:310,40,0,1
BRDA:310,40,1,1
BRDA:316,41,0,0
BRDA:316,41,1,1
BRDA:320,42,0,0
BRDA:320,42,1,2
BRDA:326,43,0,0
BRDA:326,43,1,0
BRDA:337,44,0,2
BRDA:337,44,1,0
BRDA:339,45,0,2
BRDA:339,45,1,0
BRDA:341,46,0,2
BRDA:341,46,1,0
BRDA:343,47,0,2
BRDA:343,47,1,0
BRDA:343,48,0,2
BRDA:343,48,1,0
BRDA:346,49,0,0
BRDA:346,49,1,0
BRDA:353,50,0,0
BRDA:353,50,1,1
BRDA:366,51,0,0
BRDA:366,51,1,1
BRDA:370,52,0,0
BRDA:370,52,1,0
BRDA:419,53,0,99
BRDA:419,53,1,1
BRDA:440,54,0,99
BRDA:440,54,1,3
BRDA:471,55,0,3
BRDA:471,55,1,0
BRDA:497,56,0,99
BRDA:497,56,1,95
BRDA:499,57,0,2
BRDA:499,57,1,95
BRDA:507,58,0,99
BRDA:507,58,1,15
BRDA:509,59,0,99
BRDA:509,59,1,4
BRDA:526,60,0,99
BRDA:526,60,1,17
BRDA:526,60,2,17
BRDA:534,61,0,17
BRDA:534,61,1,0
BRDA:534,62,0,17
BRDA:534,62,1,0
BRDA:547,63,0,0
BRDA:547,63,1,17
BRDA:554,64,0,17
BRDA:554,64,1,13
BRDA:575,65,0,17
BRDA:575,65,1,3
BRDA:606,66,0,3
BRDA:606,66,1,0
BRDA:634,67,0,2
BRDA:634,67,1,15
BRDA:664,68,0,11
BRDA:664,68,1,86
BRDA:681,69,0,43
BRDA:681,69,1,8
BRDA:681,70,0,43
BRDA:681,70,1,0
BRDA:682,71,0,43
BRDA:682,71,1,0
BRDA:698,72,0,86
BRDA:698,72,1,43
BRF:147
BRH:98
end_of_record
TN:
SF:src/auth/auth.css
FNF:0
FNH:0
LF:0
LH:0
BRF:0
BRH:0
end_of_record
TN:
SF:src/auth/utils.ts
FN:6,groupByPrefix
FN:14,(anonymous_1)
FN:16,(anonymous_2)
FN:19,safeDateString
FN:30,authHeaders
FNF:5
FNH:5
FNDA:1,groupByPrefix
FNDA:1,(anonymous_1)
FNDA:1,(anonymous_2)
FNDA:3,safeDateString
FNDA:3,authHeaders
DA:7,1
DA:8,1
DA:9,3
DA:10,3
DA:11,3
DA:13,1
DA:14,2
DA:16,1
DA:20,3
DA:21,2
DA:22,2
DA:23,2
DA:24,1
DA:26,0
DA:31,3
DA:32,2
LF:16
LH:15
BRDA:9,0,0,3
BRDA:9,0,1,0
BRDA:10,1,0,2
BRDA:10,1,1,1
BRDA:20,2,0,1
BRDA:20,2,1,2
BRDA:23,3,0,1
BRDA:23,3,1,1
BRDA:31,4,0,1
BRDA:31,4,1,2
BRDA:31,5,0,1
BRDA:31,5,1,0
BRDA:32,6,0,2
BRDA:32,6,1,1
BRF:14
BRH:12
end_of_record
